<?xml version="1.0" encoding="UTF-8"?>
<!-- Generated by org.testng.reporters.JUnitReportReporter -->
<testsuite hostname="LAPTOP-RBLFDP3S" failures="0" tests="8" name="TestRunner.TestRun" time="105.048" errors="0" timestamp="2023-08-11T20:04:07 PDT" skipped="0">
  <testcase classname="TestRunner.TestRun" name="runScenario" time="13.505"/>
  <system-out/>
  <testcase classname="TestRunner.TestRun" name="runScenario" time="12.444"/>
  <system-out/>
  <testcase classname="TestRunner.TestRun" name="runScenario" time="11.731"/>
  <system-out/>
  <testcase classname="TestRunner.TestRun" name="runScenario" time="13.505"/>
  <system-out/>
  <testcase classname="TestRunner.TestRun" name="runScenario" time="12.348"/>
  <system-out/>
  <testcase classname="TestRunner.TestRun" name="runScenario" time="14.029"/>
  <system-out/>
  <testcase classname="TestRunner.TestRun" name="runScenario" time="13.457"/>
  <system-out/>
  <testcase classname="TestRunner.TestRun" name="runScenario" time="14.029"/>
  <system-out/>
</testsuite> <!-- TestRunner.TestRun -->
